<?xml version="1.0" encoding="UTF-8"?>
<!-- Generated by org.testng.reporters.JUnitXMLReporter -->
<testsuite hostname="QSDBASE7017C" name="Regression1" tests="1" failures="1" timestamp="13 Jul 2017 16:06:09 GMT" time="133.977" errors="0">
  <testcase name="testcase" time="131.197" classname="com.driver.Driver">
    <failure type="java.lang.AssertionError" message="TJ Failed on Stepid[37] : Action[ getwindowHandle],Element[null],Testdata(if any)[1.0]For input string: &amp;quot;1.0&amp;quot;">
      <![CDATA[java.lang.AssertionError: TJ Failed on Stepid[37] : Action[ getwindowHandle],Element[null],Testdata(if any)[1.0]For input string: "1.0"
	at com.driver.Driver.testcase(Driver.java:142)
	at java.util.concurrent.FutureTask.run(Unknown Source)
	at java.util.concurrent.ThreadPoolExecutor.runWorker(Unknown Source)
	at java.util.concurrent.ThreadPoolExecutor$Worker.run(Unknown Source)
	at java.lang.Thread.run(Unknown Source)
... Removed 17 stack frames]]>
    </failure>
  </testcase> <!-- testcase -->
</testsuite> <!-- Regression1 -->
